<?xml version="1.0" encoding="UTF-8"?>
<!-- Generated by org.testng.reporters.JUnitXMLReporter -->
<testsuite ignored="0" hostname="MSI" failures="0" tests="4" name="Surefire test" time="10.821" errors="0" timestamp="2024-11-10T17:39:48 IST">
  <testcase classname="api.test.UserTests" name="testpostuser" time="4.876"/>
  <testcase classname="api.test.UserTests" name="testgetuser" time="1.641"/>
  <testcase classname="api.test.UserTests" name="testupdateuser" time="1.299"/>
  <testcase classname="api.test.UserTests" name="testdeleteuser" time="1.355"/>
</testsuite> <!-- Surefire test -->
