<?xml version="1.0" encoding="UTF-8"?>
<!-- Generated by org.testng.reporters.JUnitXMLReporter -->
<testsuite ignored="0" hostname="MSI" failures="0" tests="4" name="Default test" time="12.001" errors="0" timestamp="2024-11-10T17:22:37 IST">
  <testcase classname="api.test.UserTests" name="testpostuser" time="5.451"/>
  <testcase classname="api.test.UserTests" name="testgetuser" time="1.62"/>
  <testcase classname="api.test.UserTests" name="testupdateuser" time="1.627"/>
  <testcase classname="api.test.UserTests" name="testdeleteuser" time="1.432"/>
</testsuite> <!-- Default test -->
