<?xml version="1.0" encoding="UTF-8"?>
<!-- Generated by org.testng.reporters.JUnitXMLReporter -->
<testsuite ignored="0" hostname="MSI" failures="0" tests="4" name="Test" time="8.112" errors="0" timestamp="2024-11-10T14:06:18 IST">
  <testcase classname="api.test.UserTests" name="testpostuser" time="3.052"/>
  <testcase classname="api.test.UserTests" name="testgetuser" time="1.238"/>
  <testcase classname="api.test.UserTests" name="testupdateuser" time="1.228"/>
  <testcase classname="api.test.UserTests" name="testdeleteuser" time="1.321"/>
</testsuite> <!-- Test -->
