<?xml version="1.0" encoding="UTF-8"?>
<!-- Generated by org.testng.reporters.JUnitXMLReporter -->
<testsuite ignored="0" hostname="MSI" failures="0" tests="4" name="Test" time="11.023" errors="0" timestamp="2024-11-10T18:32:42 IST">
  <testcase classname="api.test.UserTests" name="testpostuser" time="4.643"/>
  <testcase classname="api.test.UserTests" name="testgetuser" time="1.497"/>
  <testcase classname="api.test.UserTests" name="testupdateuser" time="1.618"/>
  <testcase classname="api.test.UserTests" name="testdeleteuser" time="1.431"/>
</testsuite> <!-- Test -->
