<?xml version="1.0" encoding="UTF-8"?>
<testng-results ignored="0" total="4" passed="4" failed="0" skipped="0">
  <reporter-output>
  </reporter-output>
  <suite started-at="2024-11-10T18:32:30 IST" name="Suite" finished-at="2024-11-10T18:32:41 IST" duration-ms="11023">
    <groups>
    </groups>
    <test started-at="2024-11-10T18:32:30 IST" name="Test" finished-at="2024-11-10T18:32:41 IST" duration-ms="11023">
      <class name="api.test.UserTests">
        <test-method is-config="true" signature="setupdata()[pri:0, instance:api.test.UserTests@3cebbb30]" started-at="2024-11-10T18:32:31 IST" name="setupdata" finished-at="2024-11-10T18:32:32 IST" duration-ms="1332" status="PASS">
          <reporter-output>
          </reporter-output>
        </test-method> <!-- setupdata -->
        <test-method signature="testpostuser()[pri:1, instance:api.test.UserTests@3cebbb30]" started-at="2024-11-10T18:32:32 IST" name="testpostuser" finished-at="2024-11-10T18:32:37 IST" duration-ms="4643" status="PASS">
          <reporter-output>
          </reporter-output>
        </test-method> <!-- testpostuser -->
        <test-method signature="testgetuser()[pri:2, instance:api.test.UserTests@3cebbb30]" started-at="2024-11-10T18:32:37 IST" name="testgetuser" finished-at="2024-11-10T18:32:38 IST" duration-ms="1497" status="PASS">
          <reporter-output>
          </reporter-output>
        </test-method> <!-- testgetuser -->
        <test-method signature="testupdateuser()[pri:3, instance:api.test.UserTests@3cebbb30]" started-at="2024-11-10T18:32:38 IST" name="testupdateuser" finished-at="2024-11-10T18:32:40 IST" duration-ms="1618" status="PASS">
          <reporter-output>
          </reporter-output>
        </test-method> <!-- testupdateuser -->
        <test-method signature="testdeleteuser()[pri:4, instance:api.test.UserTests@3cebbb30]" started-at="2024-11-10T18:32:40 IST" name="testdeleteuser" finished-at="2024-11-10T18:32:41 IST" duration-ms="1431" status="PASS">
          <reporter-output>
          </reporter-output>
        </test-method> <!-- testdeleteuser -->
      </class> <!-- api.test.UserTests -->
    </test> <!-- Test -->
  </suite> <!-- Suite -->
</testng-results>
