<?xml version="1.0" encoding="UTF-8"?>
<testng-results ignored="0" total="4" passed="4" failed="0" skipped="0">
  <reporter-output>
  </reporter-output>
  <suite started-at="2024-11-10T17:22:25 IST" name="Default suite" finished-at="2024-11-10T17:22:37 IST" duration-ms="12001">
    <groups>
    </groups>
    <test started-at="2024-11-10T17:22:25 IST" name="Default test" finished-at="2024-11-10T17:22:37 IST" duration-ms="12001">
      <class name="api.test.UserTests">
        <test-method is-config="true" signature="setupdata()[pri:0, instance:api.test.UserTests@537f60bf]" started-at="2024-11-10T17:22:25 IST" name="setupdata" finished-at="2024-11-10T17:22:27 IST" duration-ms="1732" status="PASS">
          <reporter-output>
          </reporter-output>
        </test-method> <!-- setupdata -->
        <test-method signature="testpostuser()[pri:1, instance:api.test.UserTests@537f60bf]" started-at="2024-11-10T17:22:27 IST" name="testpostuser" finished-at="2024-11-10T17:22:32 IST" duration-ms="5451" status="PASS">
          <reporter-output>
          </reporter-output>
        </test-method> <!-- testpostuser -->
        <test-method signature="testgetuser()[pri:2, instance:api.test.UserTests@537f60bf]" started-at="2024-11-10T17:22:32 IST" name="testgetuser" finished-at="2024-11-10T17:22:34 IST" duration-ms="1620" status="PASS">
          <reporter-output>
          </reporter-output>
        </test-method> <!-- testgetuser -->
        <test-method signature="testupdateuser()[pri:3, instance:api.test.UserTests@537f60bf]" started-at="2024-11-10T17:22:34 IST" name="testupdateuser" finished-at="2024-11-10T17:22:35 IST" duration-ms="1627" status="PASS">
          <reporter-output>
          </reporter-output>
        </test-method> <!-- testupdateuser -->
        <test-method signature="testdeleteuser()[pri:4, instance:api.test.UserTests@537f60bf]" started-at="2024-11-10T17:22:35 IST" name="testdeleteuser" finished-at="2024-11-10T17:22:37 IST" duration-ms="1432" status="PASS">
          <reporter-output>
          </reporter-output>
        </test-method> <!-- testdeleteuser -->
      </class> <!-- api.test.UserTests -->
    </test> <!-- Default test -->
  </suite> <!-- Default suite -->
</testng-results>
